2025-06-11 19:52:43,341 - INFO - Logger starts
2025-06-11 19:52:43,342 - INFO - Starting FastAPI service
2025-06-11 19:52:43,342 - INFO - Models загружены
2025-06-12 16:01:29,381 - INFO - Logger starts
2025-06-12 16:01:29,384 - INFO - Starting FastAPI service
2025-06-12 16:01:29,385 - ERROR - Ошибка при загрузке модели: 
2025-06-12 16:01:29,385 - INFO - Models загружены
[2025-06-13 23:28:52,673] INFO - service is starting work
2025-06-14 00:24:39,572 - INFO - Начало загрузки моделей
2025-06-14 00:24:40,635 - INFO - Начало загрузки моделей
2025-06-14 13:33:15,356 - INFO - Начало загрузки моделей
2025-06-14 13:38:09,088 - INFO - Начало загрузки моделей
2025-06-14 13:38:10,108 - INFO - Начало загрузки моделей
2025-06-14 13:38:23,715 - INFO - Начало загрузки моделей
2025-06-14 13:40:11,125 - INFO - загружена модель cointelegraph_view_predictor
2025-06-14 13:40:11,125 - INFO - загружена модель cointelegraph_view_predictor
2025-06-14 13:40:11,126 - INFO - загружена модель cointelegraph_view_predictor_v3
2025-06-14 13:40:11,126 - INFO - загружена модель cointelegraph_view_predictor_v3
2025-06-14 13:40:11,126 - INFO - активирована модель cointelegraph_view_predictor
2025-06-14 13:40:11,126 - INFO - активирована модель cointelegraph_view_predictor
2025-06-14 13:40:11,126 - INFO - Начало загрузки моделей
2025-06-14 13:40:11,126 - INFO - Начало загрузки моделей
2025-06-14 13:40:19,641 - INFO - Train с параметрами: {'additionalProp1': 1.0, 'additionalProp2': 0.0, 'additionalProp3': 5.0}
2025-06-14 13:40:19,641 - INFO - Train с параметрами: {'additionalProp1': 1.0, 'additionalProp2': 0.0, 'additionalProp3': 5.0}
2025-06-14 13:40:20,392 - INFO - Train с параметрами: {'additionalProp1': 1.0, 'additionalProp2': 0.0, 'additionalProp3': 5.0}
2025-06-14 13:40:20,392 - INFO - Train с параметрами: {'additionalProp1': 1.0, 'additionalProp2': 0.0, 'additionalProp3': 5.0}
2025-06-14 13:40:24,646 - INFO - Train завершена
2025-06-14 13:40:24,646 - INFO - Train завершена
2025-06-14 13:40:25,397 - INFO - Train завершена
2025-06-14 13:40:25,397 - INFO - Train завершена
2025-06-14 15:43:40,675 - INFO - загружена модель cointelegraph_view_predictor
2025-06-14 15:43:40,676 - INFO - загружена модель cointelegraph_view_predictor_v3
2025-06-14 15:43:40,676 - INFO - активирована модель cointelegraph_view_predictor
2025-06-14 15:43:58,982 - INFO - Модель изменена на cointelegraph_view_predictor_v3
2025-06-14 13:35:01,184 - INFO - загружена модель cointelegraph_view_predictor
2025-06-14 13:35:01,184 - INFO - загружена модель cointelegraph_view_predictor
2025-06-14 13:35:01,190 - INFO - загружена модель cointelegraph_view_predictor_v3
2025-06-14 13:35:01,190 - INFO - загружена модель cointelegraph_view_predictor_v3
2025-06-14 13:35:01,191 - INFO - активирована модель cointelegraph_view_predictor
2025-06-14 13:35:01,191 - INFO - активирована модель cointelegraph_view_predictor
2025-06-14 13:35:01,191 - INFO - Начало загрузки моделей
2025-06-14 13:35:01,191 - INFO - Начало загрузки моделей
2025-06-14 13:37:55,511 - INFO - загружена модель cointelegraph_view_predictor
2025-06-14 13:37:55,511 - INFO - загружена модель cointelegraph_view_predictor
2025-06-14 13:37:55,513 - INFO - загружена модель cointelegraph_view_predictor_v3
2025-06-14 13:37:55,513 - INFO - загружена модель cointelegraph_view_predictor_v3
2025-06-14 13:37:55,514 - INFO - активирована модель cointelegraph_view_predictor
2025-06-14 13:37:55,514 - INFO - активирована модель cointelegraph_view_predictor
2025-06-14 13:37:55,515 - INFO - Начало загрузки моделей
2025-06-14 13:37:55,515 - INFO - Начало загрузки моделей
2025-06-14 13:38:38,736 - INFO - загружена модель cointelegraph_view_predictor
2025-06-14 13:38:38,738 - INFO - загружена модель cointelegraph_view_predictor_v3
2025-06-14 13:38:38,739 - INFO - активирована модель cointelegraph_view_predictor
2025-06-15 18:41:57,672 - INFO - загружена модель cointelegraph_view_predictor
2025-06-15 18:41:57,672 - INFO - загружена модель cointelegraph_view_predictor
2025-06-15 18:41:57,673 - INFO - загружена модель cointelegraph_view_predictor_v3
2025-06-15 18:41:57,673 - INFO - загружена модель cointelegraph_view_predictor_v3
2025-06-15 18:43:02,893 - INFO - загружена модель cointelegraph_view_predictor
2025-06-15 18:43:02,893 - INFO - загружена модель cointelegraph_view_predictor
2025-06-15 18:43:02,893 - INFO - загружена модель cointelegraph_view_predictor_v3
2025-06-15 18:43:02,893 - INFO - загружена модель cointelegraph_view_predictor_v3
2025-06-15 18:43:38,020 - INFO - загружена модель catboost_classifier
2025-06-15 18:43:38,020 - INFO - загружена модель catboost_classifier
2025-06-15 18:43:38,026 - INFO - загружена модель catboost_regressor
2025-06-15 18:43:38,026 - INFO - загружена модель catboost_regressor
2025-06-15 18:43:38,026 - INFO - активирована модель catboost_classifier
2025-06-15 18:43:38,026 - INFO - активирована модель catboost_classifier
2025-06-15 18:43:38,026 - INFO - Начало загрузки моделей
2025-06-15 18:43:38,026 - INFO - Начало загрузки моделей
2025-06-15 18:43:49,950 - INFO - загружена модель catboost_classifier
2025-06-15 18:43:49,950 - INFO - загружена модель catboost_classifier
2025-06-15 18:43:49,956 - INFO - загружена модель catboost_regressor
2025-06-15 18:43:49,956 - INFO - загружена модель catboost_regressor
2025-06-15 18:43:49,956 - INFO - активирована модель catboost_classifier
2025-06-15 18:43:49,956 - INFO - активирована модель catboost_classifier
2025-06-15 18:43:49,956 - INFO - Начало загрузки моделей
2025-06-15 18:43:49,956 - INFO - Начало загрузки моделей
2025-06-15 18:44:29,141 - INFO - Модель изменена на catboost_classifier
2025-06-15 18:44:29,141 - INFO - Модель изменена на catboost_classifier
2025-06-15 18:44:30,667 - INFO - Модель изменена на catboost_classifier
2025-06-15 18:44:30,667 - INFO - Модель изменена на catboost_classifier
2025-06-15 18:47:56,805 - INFO - загружена модель catboost_classifier
2025-06-15 18:47:56,805 - INFO - загружена модель catboost_classifier
2025-06-15 18:47:56,809 - INFO - загружена модель catboost_regressor
2025-06-15 18:47:56,809 - INFO - загружена модель catboost_regressor
2025-06-15 18:47:56,809 - INFO - активирована модель catboost_classifier
2025-06-15 18:47:56,809 - INFO - активирована модель catboost_classifier
2025-06-15 18:47:56,809 - INFO - Начало загрузки моделей
2025-06-15 18:47:56,809 - INFO - Начало загрузки моделей
2025-06-15 18:47:58,039 - INFO - загружена модель catboost_classifier
2025-06-15 18:47:58,039 - INFO - загружена модель catboost_classifier
2025-06-15 18:47:58,040 - INFO - загружена модель catboost_regressor
2025-06-15 18:47:58,040 - INFO - загружена модель catboost_regressor
2025-06-15 18:47:58,040 - INFO - активирована модель catboost_classifier
2025-06-15 18:47:58,040 - INFO - активирована модель catboost_classifier
2025-06-15 18:47:58,040 - INFO - Начало загрузки моделей
2025-06-15 18:47:58,040 - INFO - Начало загрузки моделей
2025-06-15 18:48:08,908 - INFO - загружена модель catboost_classifier
2025-06-15 18:48:08,908 - INFO - загружена модель catboost_classifier
2025-06-15 18:48:08,913 - INFO - загружена модель catboost_regressor
2025-06-15 18:48:08,913 - INFO - загружена модель catboost_regressor
2025-06-15 18:48:08,914 - INFO - активирована модель catboost_classifier
2025-06-15 18:48:08,914 - INFO - активирована модель catboost_classifier
2025-06-15 18:48:08,914 - INFO - Начало загрузки моделей
2025-06-15 18:48:08,914 - INFO - Начало загрузки моделей
2025-06-15 18:50:01,155 - INFO - загружена модель catboost_classifier
2025-06-15 18:50:01,155 - INFO - загружена модель catboost_classifier
2025-06-15 18:50:01,159 - INFO - загружена модель catboost_regressor
2025-06-15 18:50:01,159 - INFO - загружена модель catboost_regressor
2025-06-15 18:50:01,159 - INFO - активирована модель catboost_classifier
2025-06-15 18:50:01,159 - INFO - активирована модель catboost_classifier
2025-06-15 18:50:01,159 - INFO - Начало загрузки моделей
2025-06-15 18:50:01,159 - INFO - Начало загрузки моделей
2025-06-15 19:05:56,555 - INFO - загружена модель catboost_classifier
2025-06-15 19:05:56,555 - INFO - загружена модель catboost_classifier
2025-06-15 19:05:56,559 - INFO - загружена модель catboost_regressor
2025-06-15 19:05:56,559 - INFO - загружена модель catboost_regressor
2025-06-15 19:05:56,559 - INFO - активирована модель catboost_classifier
2025-06-15 19:05:56,559 - INFO - активирована модель catboost_classifier
2025-06-15 19:05:56,559 - INFO - Начало загрузки моделей
2025-06-15 19:05:56,559 - INFO - Начало загрузки моделей
2025-06-15 19:17:48,793 - INFO - загружена модель catboost_classifier
2025-06-15 19:17:48,793 - INFO - загружена модель catboost_classifier
2025-06-15 19:17:48,796 - INFO - загружена модель catboost_regressor
2025-06-15 19:17:48,796 - INFO - загружена модель catboost_regressor
2025-06-15 19:17:48,797 - INFO - активирована модель catboost_classifier
2025-06-15 19:17:48,797 - INFO - активирована модель catboost_classifier
2025-06-15 19:17:48,797 - INFO - Начало загрузки моделей
2025-06-15 19:17:48,797 - INFO - Начало загрузки моделей
2025-06-15 19:18:03,103 - INFO - загружена модель catboost_classifier
2025-06-15 19:18:03,103 - INFO - загружена модель catboost_classifier
2025-06-15 19:18:03,106 - INFO - загружена модель catboost_regressor
2025-06-15 19:18:03,106 - INFO - загружена модель catboost_regressor
2025-06-15 19:18:03,106 - INFO - активирована модель catboost_classifier
2025-06-15 19:18:03,106 - INFO - активирована модель catboost_classifier
2025-06-15 19:18:03,106 - INFO - Начало загрузки моделей
2025-06-15 19:18:03,106 - INFO - Начало загрузки моделей
2025-06-15 19:18:04,568 - INFO - загружена модель catboost_classifier
2025-06-15 19:18:04,568 - INFO - загружена модель catboost_classifier
2025-06-15 19:18:04,569 - INFO - загружена модель catboost_regressor
2025-06-15 19:18:04,569 - INFO - загружена модель catboost_regressor
2025-06-15 19:18:04,569 - INFO - активирована модель catboost_classifier
2025-06-15 19:18:04,569 - INFO - активирована модель catboost_classifier
2025-06-15 19:18:04,569 - INFO - Начало загрузки моделей
2025-06-15 19:18:04,569 - INFO - Начало загрузки моделей
2025-06-15 19:33:03,424 - INFO - Загружена модель catboost_classifier
2025-06-15 19:33:03,424 - INFO - Загружена модель catboost_classifier
2025-06-15 19:33:03,431 - INFO - Загружена модель catboost_regressor
2025-06-15 19:33:03,431 - INFO - Загружена модель catboost_regressor
2025-06-15 19:33:03,431 - INFO - Активирована модель catboost_classifier
2025-06-15 19:33:03,431 - INFO - Активирована модель catboost_classifier
2025-06-15 19:33:03,431 - INFO - Начало загрузки моделей
2025-06-15 19:33:03,431 - INFO - Начало загрузки моделей
2025-06-15 19:57:48,175 - INFO - Загружена модель catboost_classifier
2025-06-15 19:57:48,175 - INFO - Загружена модель catboost_classifier
2025-06-15 19:57:48,178 - INFO - Загружена модель catboost_regressor
2025-06-15 19:57:48,178 - INFO - Загружена модель catboost_regressor
2025-06-15 19:57:48,178 - INFO - Активирована модель catboost_classifier
2025-06-15 19:57:48,178 - INFO - Активирована модель catboost_classifier
2025-06-15 19:57:48,178 - INFO - Начало загрузки моделей
2025-06-15 19:57:48,178 - INFO - Начало загрузки моделей
2025-06-15 19:57:58,037 - INFO - Загружена модель catboost_classifier
2025-06-15 19:57:58,037 - INFO - Загружена модель catboost_classifier
2025-06-15 19:57:58,040 - INFO - Загружена модель catboost_regressor
2025-06-15 19:57:58,040 - INFO - Загружена модель catboost_regressor
2025-06-15 19:57:58,041 - INFO - Активирована модель catboost_classifier
2025-06-15 19:57:58,041 - INFO - Активирована модель catboost_classifier
2025-06-15 19:57:58,041 - INFO - Начало загрузки моделей
2025-06-15 19:57:58,041 - INFO - Начало загрузки моделей
2025-06-15 20:03:34,709 - INFO - Модель изменена на catboost_regressor
2025-06-15 20:03:34,709 - INFO - Модель изменена на catboost_regressor
2025-06-15 20:13:57,757 - INFO - Загружена модель catboost_classifier
2025-06-15 20:13:57,760 - INFO - Загружена модель catboost_regressor
2025-06-15 20:13:57,760 - INFO - Активирована модель catboost_classifier
2025-06-15 20:14:00,802 - INFO - Модель изменена на catboost_regressor
2025-06-15 21:17:01,372 - INFO - Загружена модель catboost_classifier
2025-06-15 21:17:01,372 - INFO - Загружена модель catboost_classifier
2025-06-15 21:17:01,376 - INFO - Загружена модель catboost_regressor
2025-06-15 21:17:01,376 - INFO - Загружена модель catboost_regressor
2025-06-15 21:17:01,376 - INFO - Активирована модель catboost_classifier
2025-06-15 21:17:01,376 - INFO - Активирована модель catboost_classifier
2025-06-15 21:17:01,376 - INFO - Начало загрузки моделей
2025-06-15 21:17:01,376 - INFO - Начало загрузки моделей
2025-06-15 21:19:25,400 - INFO - Модель изменена на catboost_regressor
2025-06-15 21:19:25,400 - INFO - Модель изменена на catboost_regressor
2025-06-15 21:22:37,636 - INFO - Загружена модель catboost_classifier
2025-06-15 21:22:37,643 - INFO - Загружена модель catboost_regressor
2025-06-15 21:22:37,643 - INFO - Активирована модель catboost_classifier
2025-06-15 21:25:04,531 - INFO - Модель изменена на catboost_regressor
2025-06-15 21:25:19,204 - INFO - Модель изменена на catboost_classifier
